app/build/intermediates/manifest_merge_blame_file/debug/manifest-merger-blame-debug-report.txt
1<?xml version="1.0" encoding="utf-8"?>
2<manifest xmlns:android="http://schemas.android.com/apk/res/android"
3    package="com.example.demogooglelogin"
4    android:versionCode="1"
5    android:versionName="1.0" >
6
7    <uses-sdk
8        android:minSdkVersion="21"
8-->src\main\AndroidManifest.xml
9        android:targetSdkVersion="31" />
9-->src\main\AndroidManifest.xml
10
11    <uses-permission android:name="android.permission.INTERNET" />
11-->src\main\AndroidManifest.xml:4:5-66
11-->src\main\AndroidManifest.xml:4:22-64
12
13    <application
13-->src\main\AndroidManifest.xml:5:5-21:19
14        android:allowBackup="true"
14-->src\main\AndroidManifest.xml:6:9-35
15        android:appComponentFactory="androidx.core.app.CoreComponentFactory"
15-->[androidx.core:core:1.7.0] AndroidManifest.xml:24:18-86
16        android:debuggable="true"
17        android:icon="@mipmap/ic_launcher"
17-->src\main\AndroidManifest.xml:7:9-43
18        android:label="@string/app_name"
18-->src\main\AndroidManifest.xml:8:9-41
19        android:roundIcon="@mipmap/ic_launcher_round"
19-->src\main\AndroidManifest.xml:9:9-54
20        android:supportsRtl="true"
20-->src\main\AndroidManifest.xml:10:9-35
21        android:testOnly="true"
22        android:theme="@style/Theme.DemoGoogleLogin" >
22-->src\main\AndroidManifest.xml:11:9-53
23        <activity
23-->src\main\AndroidManifest.xml:12:9-20:20
24            android:name="com.example.demogooglelogin.MainActivity"
24-->src\main\AndroidManifest.xml:13:13-41
25            android:exported="true" >
25-->src\main\AndroidManifest.xml:14:13-36
26            <intent-filter>
26-->src\main\AndroidManifest.xml:15:13-19:29
27                <action android:name="android.intent.action.MAIN" />
27-->src\main\AndroidManifest.xml:16:17-69
27-->src\main\AndroidManifest.xml:16:25-66
28
29                <category android:name="android.intent.category.LAUNCHER" />
29-->src\main\AndroidManifest.xml:18:17-77
29-->src\main\AndroidManifest.xml:18:27-74
30            </intent-filter>
31        </activity>
32        <activity
32-->[com.google.android.gms:play-services-auth:19.2.0] AndroidManifest.xml:23:9-27:75
33            android:name="com.google.android.gms.auth.api.signin.internal.SignInHubActivity"
33-->[com.google.android.gms:play-services-auth:19.2.0] AndroidManifest.xml:24:13-93
34            android:excludeFromRecents="true"
34-->[com.google.android.gms:play-services-auth:19.2.0] AndroidManifest.xml:25:13-46
35            android:exported="false"
35-->[com.google.android.gms:play-services-auth:19.2.0] AndroidManifest.xml:26:13-37
36            android:theme="@android:style/Theme.Translucent.NoTitleBar" />
36-->[com.google.android.gms:play-services-auth:19.2.0] AndroidManifest.xml:27:13-72
37        <!--
38            Service handling Google Sign-In user revocation. For apps that do not integrate with
39            Google Sign-In, this service will never be started.
40        -->
41        <service
41-->[com.google.android.gms:play-services-auth:19.2.0] AndroidManifest.xml:33:9-37:51
42            android:name="com.google.android.gms.auth.api.signin.RevocationBoundService"
42-->[com.google.android.gms:play-services-auth:19.2.0] AndroidManifest.xml:34:13-89
43            android:exported="true"
43-->[com.google.android.gms:play-services-auth:19.2.0] AndroidManifest.xml:35:13-36
44            android:permission="com.google.android.gms.auth.api.signin.permission.REVOCATION_NOTIFICATION"
44-->[com.google.android.gms:play-services-auth:19.2.0] AndroidManifest.xml:36:13-107
45            android:visibleToInstantApps="true" />
45-->[com.google.android.gms:play-services-auth:19.2.0] AndroidManifest.xml:37:13-48
46
47        <activity
47-->[com.google.android.gms:play-services-base:17.6.0] AndroidManifest.xml:23:9-26:75
48            android:name="com.google.android.gms.common.api.GoogleApiActivity"
48-->[com.google.android.gms:play-services-base:17.6.0] AndroidManifest.xml:24:13-79
49            android:exported="false"
49-->[com.google.android.gms:play-services-base:17.6.0] AndroidManifest.xml:25:13-37
50            android:theme="@android:style/Theme.Translucent.NoTitleBar" />
50-->[com.google.android.gms:play-services-base:17.6.0] AndroidManifest.xml:26:13-72
51
52        <meta-data
52-->[com.google.android.gms:play-services-basement:17.6.0] AndroidManifest.xml:23:9-25:69
53            android:name="com.google.android.gms.version"
53-->[com.google.android.gms:play-services-basement:17.6.0] AndroidManifest.xml:24:13-58
54            android:value="@integer/google_play_services_version" />
54-->[com.google.android.gms:play-services-basement:17.6.0] AndroidManifest.xml:25:13-66
55
56        <provider
56-->[androidx.emoji2:emoji2:1.0.0] AndroidManifest.xml:26:9-34:20
57            android:name="androidx.startup.InitializationProvider"
57-->[androidx.emoji2:emoji2:1.0.0] AndroidManifest.xml:27:13-67
58            android:authorities="com.example.demogooglelogin.androidx-startup"
58-->[androidx.emoji2:emoji2:1.0.0] AndroidManifest.xml:28:13-68
59            android:exported="false" >
59-->[androidx.emoji2:emoji2:1.0.0] AndroidManifest.xml:29:13-37
60            <meta-data
60-->[androidx.emoji2:emoji2:1.0.0] AndroidManifest.xml:31:13-33:52
61                android:name="androidx.emoji2.text.EmojiCompatInitializer"
61-->[androidx.emoji2:emoji2:1.0.0] AndroidManifest.xml:32:17-75
62                android:value="androidx.startup" />
62-->[androidx.emoji2:emoji2:1.0.0] AndroidManifest.xml:33:17-49
63            <meta-data
63-->[androidx.lifecycle:lifecycle-process:2.4.0] AndroidManifest.xml:31:13-33:52
64                android:name="androidx.lifecycle.ProcessLifecycleInitializer"
64-->[androidx.lifecycle:lifecycle-process:2.4.0] AndroidManifest.xml:32:17-78
65                android:value="androidx.startup" />
65-->[androidx.lifecycle:lifecycle-process:2.4.0] AndroidManifest.xml:33:17-49
66        </provider>
67    </application>
68
69</manifest>